<?xml version="1.0" encoding="UTF-8"?>
<!-- Generated by org.testng.reporters.JUnitReportReporter -->
<testsuite skipped="0" hostname="CP000340" name="ashwanth.programs.TestNGFirst" tests="1" failures="0" timestamp="03 Jan 2018 14:03:35 GMT" time="3.490" errors="0">
  <testcase name="testCase1" time="3.490" classname="ashwanth.programs.TestNGFirst"/>
</testsuite> <!-- ashwanth.programs.TestNGFirst -->
