<?xml version="1.0" encoding="UTF-8"?>
<!-- Generated by org.testng.reporters.JUnitReportReporter -->
<testsuite skipped="0" hostname="CP000340" name="qa.rajuverma.programs.Test1" tests="1" failures="0" timestamp="03 Jan 2018 12:45:57 GMT" time="34.631" errors="0">
  <testcase name="Login" time="34.631" classname="qa.rajuverma.programs.Test1"/>
</testsuite> <!-- qa.rajuverma.programs.Test1 -->
