<?xml version="1.0" encoding="UTF-8"?>
<!-- Generated by org.testng.reporters.JUnitReportReporter -->
<testsuite hostname="Sricharan" name="swathy.tasks.Task4AnnotSample" tests="1" failures="0" timestamp="17 Jan 2018 08:41:35 GMT" time="1.770" errors="0">
  <testcase name="getTitle" time="1.770" classname="swathy.tasks.Task4AnnotSample"/>
</testsuite> <!-- swathy.tasks.Task4AnnotSample -->
