<?xml version="1.0" encoding="UTF-8"?>
<!-- Generated by org.testng.reporters.JUnitReportReporter -->
<testsuite hostname="CP000058" name="swathy.tasks.Task4AnnotSample" tests="1" failures="0" timestamp="17 Jan 2018 07:14:06 GMT" time="0.018" errors="0">
  <testcase name="getTitle" time="0.018" classname="swathy.tasks.Task4AnnotSample"/>
</testsuite> <!-- swathy.tasks.Task4AnnotSample -->
