<?xml version="1.0" encoding="UTF-8"?>
<!-- Generated by org.testng.reporters.JUnitReportReporter -->
<testsuite skipped="0" hostname="CP000058" name="parkavi1.TaskFourAnot" tests="2" failures="0" timestamp="16 Jan 2018 04:39:20 GMT" time="0.020" errors="0">
  <testcase name="testCase1" time="0.015" classname="parkavi1.TaskFourAnot"/>
  <testcase name="testCase2" time="0.005" classname="parkavi1.TaskFourAnot"/>
</testsuite> <!-- parkavi1.TaskFourAnot -->
