<?xml version="1.0" encoding="UTF-8"?>
<!-- Generated by org.testng.reporters.JUnitReportReporter -->
<testsuite hostname="CP000208" name="parkavi1.TaskFourAnot" tests="2" failures="0" timestamp="17 Jan 2018 04:40:41 GMT" time="0.034" errors="0">
  <testcase name="testCase1" time="0.028" classname="parkavi1.TaskFourAnot"/>
  <testcase name="testCase2" time="0.006" classname="parkavi1.TaskFourAnot"/>
</testsuite> <!-- parkavi1.TaskFourAnot -->
