<?xml version="1.0" encoding="UTF-8"?>
<!-- Generated by org.testng.reporters.JUnitReportReporter -->
<testsuite skipped="0" hostname="CP000208" name="ashwanth.programs.TestNGFirst" tests="2" failures="0" timestamp="03 Jan 2018 13:23:23 GMT" time="0.016" errors="0">
  <testcase name="testCase1" time="0.016" classname="ashwanth.programs.TestNGFirst"/>
  <testcase name="testCase2" time="0.000" classname="ashwanth.programs.TestNGFirst"/>
</testsuite> <!-- ashwanth.programs.TestNGFirst -->
