<?xml version="1.0" encoding="UTF-8"?>
<!-- Generated by org.testng.reporters.JUnitReportReporter -->
<testsuite skipped="0" hostname="CP000522" name="annotations" tests="1" failures="0" timestamp="03 Jan 2018 11:57:37 GMT" time="7.760" errors="0">
  <testcase name="login" time="7.760" classname="annotations"/>
</testsuite> <!-- annotations -->
