<?xml version="1.0" encoding="UTF-8"?>
<!-- Generated by org.testng.reporters.JUnitReportReporter -->
<testsuite skipped="0" hostname="CP000522" name="ramyar.testng" tests="1" failures="0" timestamp="03 Jan 2018 12:13:56 GMT" time="11.469" errors="0">
  <testcase name="login" time="11.469" classname="ramyar.testng"/>
</testsuite> <!-- ramyar.testng -->
