<?xml version="1.0" encoding="UTF-8"?>
<!-- Generated by org.testng.reporters.JUnitReportReporter -->
<testsuite skipped="0" hostname="CP000340" name="qa.rajuverma.programs.TestNg" tests="1" failures="0" timestamp="03 Jan 2018 12:47:02 GMT" time="3.298" errors="0">
  <testcase name="sensipleLogin" time="3.298" classname="qa.rajuverma.programs.TestNg"/>
</testsuite> <!-- qa.rajuverma.programs.TestNg -->
