<?xml version="1.0" encoding="UTF-8"?>
<!-- Generated by org.testng.reporters.JUnitReportReporter -->
<testsuite skipped="0" hostname="CP000208" name="ashwanth.programs.TestNGFirst" tests="1" failures="0" timestamp="03 Jan 2018 13:45:24 GMT" time="2.312" errors="0">
  <testcase name="testCase1" time="2.312" classname="ashwanth.programs.TestNGFirst"/>
</testsuite> <!-- ashwanth.programs.TestNGFirst -->
