<?xml version="1.0" encoding="UTF-8"?>
<!-- Generated by org.testng.reporters.JUnitReportReporter -->
<testsuite skipped="0" hostname="Sricharan" name="swathy.tasks.Task4AnnotSample" tests="1" failures="0" timestamp="16 Jan 2018 09:02:36 GMT" time="2.864" errors="0">
  <testcase name="getTitle" time="2.864" classname="swathy.tasks.Task4AnnotSample"/>
</testsuite> <!-- swathy.tasks.Task4AnnotSample -->
