<?xml version="1.0" encoding="UTF-8"?>
<!-- Generated by org.testng.reporters.JUnitReportReporter -->
<testsuite skipped="0" hostname="CP000522" name="ramyar.testng" tests="1" failures="0" timestamp="04 Jan 2018 05:13:43 GMT" time="9.459" errors="0">
  <testcase name="login" time="9.459" classname="ramyar.testng"/>
</testsuite> <!-- ramyar.testng -->
